<?xml version="1.0" encoding="UTF-8"?>
<!-- Generated by org.testng.reporters.JUnitXMLReporter -->
<testsuite hostname="Amits-MacBook-Air.local" ignored="1" name="RestAssuredAllTests" tests="7" failures="1" timestamp="05 Nov 2019 19:20:01 GMT" time="6.193" errors="0">
  <testcase name="testContentTypeValidation" time="0.01" classname="raf.testcases.TC001_GET_WeatherOfCity"/>
  <testcase name="testResponseBodyValidation" time="0.026" classname="raf.testcases.TC001_GET_WeatherOfCity"/>
  <testcase name="testResponseTimeValidation" time="0.003" classname="raf.testcases.TC001_GET_WeatherOfCity"/>
  <testcase name="testStatusCodeValidation" time="0.003" classname="raf.testcases.TC001_GET_WeatherOfCity"/>
  <testcase name="testStatusLineValidation" time="0.001" classname="raf.testcases.TC001_GET_WeatherOfCity"/>
  <testcase name="testResponseBodyPOST" time="0.004" classname="raf.testcases.TC002_POST_RegisterNewUser"/>
  <testcase name="testStatusCodePOST" time="0.01" classname="raf.testcases.TC002_POST_RegisterNewUser">
    <failure type="java.lang.AssertionError" message="expected [201] but found [200]">
      <![CDATA[java.lang.AssertionError: expected [201] but found [200]
at raf.testcases.TC002_POST_RegisterNewUser.testStatusCodePOST(TC002_POST_RegisterNewUser.java:57)
... Removed 31 stack frames]]>
    </failure>
  </testcase> <!-- testStatusCodePOST -->
  <testcase name="testHeaderTypes" time="0.0" classname="raf.testcases.TC001_GET_WeatherOfCity">
    <ignored/>
  </testcase> <!-- testHeaderTypes -->
</testsuite> <!-- RestAssuredAllTests -->
