<?xml version="1.0" encoding="UTF-8"?>
<testng-results skipped="0" failed="1" ignored="1" total="8" passed="6">
  <reporter-output>
  </reporter-output>
  <suite name="RestAssuredAutomationFrameworkSuite" duration-ms="6193" started-at="2019-11-05T19:19:54Z" finished-at="2019-11-05T19:20:00Z">
    <groups>
    </groups>
    <test name="RestAssuredAllTests" duration-ms="6193" started-at="2019-11-05T19:19:54Z" finished-at="2019-11-05T19:20:00Z">
      <class name="raf.testcases.TC002_POST_RegisterNewUser">
        <test-method status="PASS" signature="setupRaf()[pri:0, instance:raf.testcases.TC002_POST_RegisterNewUser@6a4f787b]" name="setupRaf" is-config="true" duration-ms="1" started-at="2019-11-05T19:19:56Z" finished-at="2019-11-05T19:19:56Z">
          <reporter-output>
          </reporter-output>
        </test-method> <!-- setupRaf -->
        <test-method status="PASS" signature="registerNewUser()[pri:0, instance:raf.testcases.TC002_POST_RegisterNewUser@6a4f787b]" name="registerNewUser" is-config="true" duration-ms="3690" started-at="2019-11-05T19:19:56Z" finished-at="2019-11-05T19:20:00Z">
          <reporter-output>
          </reporter-output>
        </test-method> <!-- registerNewUser -->
        <test-method status="PASS" signature="testResponseBodyPOST()[pri:0, instance:raf.testcases.TC002_POST_RegisterNewUser@6a4f787b]" name="testResponseBodyPOST" duration-ms="4" started-at="2019-11-05T19:20:00Z" finished-at="2019-11-05T19:20:00Z">
          <reporter-output>
          </reporter-output>
        </test-method> <!-- testResponseBodyPOST -->
        <test-method status="FAIL" signature="testStatusCodePOST()[pri:0, instance:raf.testcases.TC002_POST_RegisterNewUser@6a4f787b]" name="testStatusCodePOST" duration-ms="10" started-at="2019-11-05T19:20:00Z" finished-at="2019-11-05T19:20:00Z">
          <exception class="java.lang.AssertionError">
            <message>
              <![CDATA[expected [201] but found [200]]]>
            </message>
            <full-stacktrace>
              <![CDATA[java.lang.AssertionError: expected [201] but found [200]
at org.testng.Assert.fail(Assert.java:96)
at org.testng.Assert.failNotEquals(Assert.java:776)
at org.testng.Assert.assertEqualsImpl(Assert.java:137)
at org.testng.Assert.assertEquals(Assert.java:118)
at org.testng.Assert.assertEquals(Assert.java:652)
at org.testng.Assert.assertEquals(Assert.java:662)
at raf.testcases.TC002_POST_RegisterNewUser.testStatusCodePOST(TC002_POST_RegisterNewUser.java:57)
at sun.reflect.NativeMethodAccessorImpl.invoke0(Native Method)
at sun.reflect.NativeMethodAccessorImpl.invoke(NativeMethodAccessorImpl.java:62)
at sun.reflect.DelegatingMethodAccessorImpl.invoke(DelegatingMethodAccessorImpl.java:43)
at java.lang.reflect.Method.invoke(Method.java:498)
at org.testng.internal.MethodInvocationHelper.invokeMethod(MethodInvocationHelper.java:124)
at org.testng.internal.Invoker.invokeMethod(Invoker.java:580)
at org.testng.internal.Invoker.invokeTestMethod(Invoker.java:716)
at org.testng.internal.Invoker.invokeTestMethods(Invoker.java:988)
at org.testng.internal.TestMethodWorker.invokeTestMethods(TestMethodWorker.java:125)
at org.testng.internal.TestMethodWorker.run(TestMethodWorker.java:109)
at org.testng.TestRunner.privateRun(TestRunner.java:648)
at org.testng.TestRunner.run(TestRunner.java:505)
at org.testng.SuiteRunner.runTest(SuiteRunner.java:455)
at org.testng.SuiteRunner.runSequentially(SuiteRunner.java:450)
at org.testng.SuiteRunner.privateRun(SuiteRunner.java:415)
at org.testng.SuiteRunner.run(SuiteRunner.java:364)
at org.testng.SuiteRunnerWorker.runSuite(SuiteRunnerWorker.java:52)
at org.testng.SuiteRunnerWorker.run(SuiteRunnerWorker.java:84)
at org.testng.TestNG.runSuitesSequentially(TestNG.java:1208)
at org.testng.TestNG.runSuitesLocally(TestNG.java:1137)
at org.testng.TestNG.runSuites(TestNG.java:1049)
at org.testng.TestNG.run(TestNG.java:1017)
at org.testng.remote.AbstractRemoteTestNG.run(AbstractRemoteTestNG.java:114)
at org.testng.remote.RemoteTestNG.initAndRun(RemoteTestNG.java:251)
at org.testng.remote.RemoteTestNG.main(RemoteTestNG.java:77)
]]>
            </full-stacktrace>
          </exception> <!-- java.lang.AssertionError -->
          <reporter-output>
          </reporter-output>
        </test-method> <!-- testStatusCodePOST -->
      </class> <!-- raf.testcases.TC002_POST_RegisterNewUser -->
      <class name="raf.testcases.TC001_GET_WeatherOfCity">
        <test-method status="PASS" signature="setupRaf()[pri:0, instance:raf.testcases.TC001_GET_WeatherOfCity@604ed9f0]" name="setupRaf" is-config="true" duration-ms="36" started-at="2019-11-05T19:19:54Z" finished-at="2019-11-05T19:19:54Z">
          <reporter-output>
          </reporter-output>
        </test-method> <!-- setupRaf -->
        <test-method status="PASS" signature="getWeatherOfCity()[pri:0, instance:raf.testcases.TC001_GET_WeatherOfCity@604ed9f0]" name="getWeatherOfCity" is-config="true" duration-ms="2361" started-at="2019-11-05T19:19:54Z" finished-at="2019-11-05T19:19:56Z">
          <reporter-output>
          </reporter-output>
        </test-method> <!-- getWeatherOfCity -->
        <test-method status="PASS" signature="testContentTypeValidation()[pri:0, instance:raf.testcases.TC001_GET_WeatherOfCity@604ed9f0]" name="testContentTypeValidation" duration-ms="10" started-at="2019-11-05T19:19:56Z" finished-at="2019-11-05T19:19:56Z">
          <reporter-output>
          </reporter-output>
        </test-method> <!-- testContentTypeValidation -->
        <test-method status="PASS" signature="testResponseBodyValidation()[pri:0, instance:raf.testcases.TC001_GET_WeatherOfCity@604ed9f0]" name="testResponseBodyValidation" duration-ms="26" started-at="2019-11-05T19:19:56Z" finished-at="2019-11-05T19:19:56Z">
          <reporter-output>
          </reporter-output>
        </test-method> <!-- testResponseBodyValidation -->
        <test-method status="PASS" signature="testResponseTimeValidation()[pri:0, instance:raf.testcases.TC001_GET_WeatherOfCity@604ed9f0]" name="testResponseTimeValidation" duration-ms="3" started-at="2019-11-05T19:19:56Z" finished-at="2019-11-05T19:19:56Z">
          <reporter-output>
          </reporter-output>
        </test-method> <!-- testResponseTimeValidation -->
        <test-method status="PASS" signature="testStatusCodeValidation()[pri:0, instance:raf.testcases.TC001_GET_WeatherOfCity@604ed9f0]" name="testStatusCodeValidation" duration-ms="3" started-at="2019-11-05T19:19:56Z" finished-at="2019-11-05T19:19:56Z">
          <reporter-output>
          </reporter-output>
        </test-method> <!-- testStatusCodeValidation -->
        <test-method status="PASS" signature="testStatusLineValidation()[pri:0, instance:raf.testcases.TC001_GET_WeatherOfCity@604ed9f0]" name="testStatusLineValidation" duration-ms="1" started-at="2019-11-05T19:19:56Z" finished-at="2019-11-05T19:19:56Z">
          <reporter-output>
          </reporter-output>
        </test-method> <!-- testStatusLineValidation -->
        <test-method status="PASS" signature="tearDown()[pri:0, instance:raf.testcases.TC001_GET_WeatherOfCity@604ed9f0]" name="tearDown" is-config="true" duration-ms="0" started-at="2019-11-05T19:19:56Z" finished-at="2019-11-05T19:19:56Z">
          <reporter-output>
          </reporter-output>
        </test-method> <!-- tearDown -->
      </class> <!-- raf.testcases.TC001_GET_WeatherOfCity -->
    </test> <!-- RestAssuredAllTests -->
  </suite> <!-- RestAssuredAutomationFrameworkSuite -->
</testng-results>
